<?xml version="1.0" encoding="utf-8"?><testsuites name="pytest tests"><testsuite name="pytest" errors="0" failures="0" skipped="0" tests="7" time="56.954" timestamp="2026-01-11T07:06:40.425929+00:00" hostname="agent-env-1b2ae624-b588-4358-bf02-8c4cf256ab5f"><testcase classname="tests.test_manual_trade_bugs.TestManualTradeBugFixes" name="test_01_create_manual_covered_call_trade" time="36.089" /><testcase classname="tests.test_manual_trade_bugs.TestManualTradeBugFixes" name="test_02_get_trade_detail_shows_all_fields" time="0.347" /><testcase classname="tests.test_manual_trade_bugs.TestManualTradeBugFixes" name="test_03_get_trades_list_shows_normalized_fields" time="0.148" /><testcase classname="tests.test_manual_trade_bugs.TestManualTradeBugFixes" name="test_04_dashboard_open_trades_for_bar_chart" time="0.129" /><testcase classname="tests.test_manual_trade_bugs.TestManualTradeBugFixes" name="test_05_dashboard_strategy_distribution" time="0.012" /><testcase classname="tests.test_manual_trade_bugs.TestManualTradeBugFixes" name="test_06_cleanup_test_trade" time="0.058" /><testcase classname="tests.test_manual_trade_bugs.TestOldDataNormalization" name="test_field_normalization_in_list" time="20.102" /></testsuite></testsuites>