<?xml version="1.0" encoding="utf-8"?><testsuites name="pytest tests"><testsuite name="pytest" errors="0" failures="1" skipped="0" tests="14" time="0.975" timestamp="2026-01-16T21:07:05.159675+00:00" hostname="agent-env-e54260a3-c094-4b29-b147-31d6e6cd3540"><testcase classname="tests.test_two_source_data_model.TestHealthAndBasics" name="test_health_endpoint" time="0.071" /><testcase classname="tests.test_two_source_data_model.TestHealthAndBasics" name="test_market_status_endpoint" time="0.305" /><testcase classname="tests.test_two_source_data_model.TestCoveredCallScreener" name="test_cc_screener_returns_metadata" time="0.040" /><testcase classname="tests.test_two_source_data_model.TestCoveredCallScreener" name="test_cc_screener_has_iv_data" time="0.035" /><testcase classname="tests.test_two_source_data_model.TestCoveredCallScreener" name="test_cc_screener_weekly_monthly_mix" time="0.035" /><testcase classname="tests.test_two_source_data_model.TestCoveredCallScreener" name="test_cc_screener_friday_expirations" time="0.040" /><testcase classname="tests.test_two_source_data_model.TestPMCCScreener" name="test_pmcc_screener_returns_results" time="0.043" /><testcase classname="tests.test_two_source_data_model.TestPMCCScreener" name="test_pmcc_has_iv_oi_for_both_legs" time="0.039" /><testcase classname="tests.test_two_source_data_model.TestPMCCScreener" name="test_pmcc_friday_expirations" time="0.053" /><testcase classname="tests.test_two_source_data_model.TestWatchlist" name="test_watchlist_returns_prices" time="0.049"><failure message="assert 403 == 200&#10; +  where 403 = &lt;Response [403]&gt;.status_code">tests/test_two_source_data_model.py:292: in test_watchlist_returns_prices
    assert response.status_code == 200
E   assert 403 == 200
E    +  where 403 = &lt;Response [403]&gt;.status_code</failure></testcase><testcase classname="tests.test_two_source_data_model.TestSimulator" name="test_simulator_trades_list" time="0.050" /><testcase classname="tests.test_two_source_data_model.TestDataQualityDashboard" name="test_data_quality_dashboard" time="0.043" /><testcase classname="tests.test_two_source_data_model.TestMetadataInResponses" name="test_cc_metadata_structure" time="0.040" /><testcase classname="tests.test_two_source_data_model.TestMetadataInResponses" name="test_pmcc_metadata_structure" time="0.045" /></testsuite></testsuites>