<?xml version="1.0" encoding="utf-8"?><testsuites name="pytest tests"><testsuite name="pytest" errors="0" failures="0" skipped="0" tests="17" time="61.183" timestamp="2026-02-11T03:21:51.576845+00:00" hostname="agent-env-8f094a73-7a74-411f-96df-19b51a7a9db2"><testcase classname="tests.test_iv_greeks_api.TestAdminIVMetricsEndpoint" name="test_iv_metrics_check_returns_200" time="1.104" /><testcase classname="tests.test_iv_greeks_api.TestAdminIVMetricsEndpoint" name="test_iv_metrics_check_returns_required_fields" time="0.152" /><testcase classname="tests.test_iv_greeks_api.TestAdminIVMetricsEndpoint" name="test_iv_metrics_check_delta_source" time="0.150" /><testcase classname="tests.test_iv_greeks_api.TestAdminIVMetricsEndpoint" name="test_iv_metrics_check_delta_bounds" time="0.169" /><testcase classname="tests.test_iv_greeks_api.TestAdminIVMetricsEndpoint" name="test_iv_metrics_check_iv_normalization" time="0.152" /><testcase classname="tests.test_iv_greeks_api.TestAdminIVMetricsEndpoint" name="test_iv_metrics_check_iv_rank_source" time="0.154" /><testcase classname="tests.test_iv_greeks_api.TestAdminIVMetricsEndpoint" name="test_iv_metrics_check_r_used" time="0.148" /><testcase classname="tests.test_iv_greeks_api.TestCoveredCallsScreenerEndpoint" name="test_covered_calls_returns_200" time="8.399" /><testcase classname="tests.test_iv_greeks_api.TestCoveredCallsScreenerEndpoint" name="test_covered_calls_returns_results" time="8.676" /><testcase classname="tests.test_iv_greeks_api.TestCoveredCallsScreenerEndpoint" name="test_covered_calls_delta_fields" time="8.256" /><testcase classname="tests.test_iv_greeks_api.TestCoveredCallsScreenerEndpoint" name="test_covered_calls_iv_fields" time="8.519" /><testcase classname="tests.test_iv_greeks_api.TestCoveredCallsScreenerEndpoint" name="test_covered_calls_iv_rank_fields" time="8.054" /><testcase classname="tests.test_iv_greeks_api.TestCoveredCallsScreenerEndpoint" name="test_covered_calls_short_call_object" time="8.068" /><testcase classname="tests.test_iv_greeks_api.TestCoveredCallsScreenerEndpoint" name="test_covered_calls_no_nan_values" time="8.414" /><testcase classname="tests.test_iv_greeks_api.TestIVRankNeutralFallback" name="test_iv_rank_neutral_when_insufficient_history" time="0.596" /><testcase classname="tests.test_iv_greeks_api.TestIVMetricsStats" name="test_iv_stats_returns_200" time="0.043" /><testcase classname="tests.test_iv_greeks_api.TestIVMetricsStats" name="test_iv_stats_returns_required_fields" time="0.043" /></testsuite></testsuites>