<?xml version="1.0" encoding="utf-8"?><testsuites name="pytest tests"><testsuite name="pytest" errors="0" failures="0" skipped="0" tests="22" time="2.223" timestamp="2026-02-01T02:57:01.810611+00:00" hostname="agent-env-be939c21-6b72-49a5-88ba-f5c152d7982c"><testcase classname="tests.test_portfolio_lifecycle.TestPortfolioTradesEndpoint" name="test_trades_endpoint_returns_data" time="0.719" /><testcase classname="tests.test_portfolio_lifecycle.TestPortfolioTradesEndpoint" name="test_trades_have_required_fields" time="0.218" /><testcase classname="tests.test_portfolio_lifecycle.TestPortfolioTradesEndpoint" name="test_trades_have_lifecycle_fields" time="0.250" /><testcase classname="tests.test_portfolio_lifecycle.TestPortfolioTradesEndpoint" name="test_trades_status_values" time="0.356" /><testcase classname="tests.test_portfolio_lifecycle.TestPortfolioTradesEndpoint" name="test_filter_by_status" time="0.465" /><testcase classname="tests.test_portfolio_lifecycle.TestPortfolioTradesEndpoint" name="test_filter_by_symbol" time="0.127" /><testcase classname="tests.test_portfolio_lifecycle.TestIBKRParserLifecycleSplitting" name="test_single_buy_sell_is_one_lifecycle" time="0.000" /><testcase classname="tests.test_portfolio_lifecycle.TestIBKRParserLifecycleSplitting" name="test_buy_sell_buy_is_two_lifecycles" time="0.000" /><testcase classname="tests.test_portfolio_lifecycle.TestIBKRParserLifecycleSplitting" name="test_call_assignment_closes_lifecycle" time="0.000" /><testcase classname="tests.test_portfolio_lifecycle.TestIBKRParserLifecycleSplitting" name="test_csp_assignment_cc_is_one_lifecycle" time="0.000" /><testcase classname="tests.test_portfolio_lifecycle.TestIBKRParserLifecycleSplitting" name="test_partial_sell_does_not_close_lifecycle" time="0.000" /><testcase classname="tests.test_portfolio_lifecycle.TestIBKRParserEntryPrice" name="test_entry_price_uses_transaction_price" time="0.002" /><testcase classname="tests.test_portfolio_lifecycle.TestIBKRParserEntryPrice" name="test_put_assignment_uses_put_strike" time="0.000" /><testcase classname="tests.test_portfolio_lifecycle.TestIBKRParserEntryPrice" name="test_weighted_average_entry_for_multiple_buys" time="0.000" /><testcase classname="tests.test_portfolio_lifecycle.TestIBKRParserBreakEven" name="test_break_even_calculation" time="0.000" /><testcase classname="tests.test_portfolio_lifecycle.TestIBKRParserPositionInstanceId" name="test_position_instance_id_format" time="0.000" /><testcase classname="tests.test_portfolio_lifecycle.TestIBKRParserPositionInstanceId" name="test_multiple_lifecycles_get_different_ids" time="0.000" /><testcase classname="tests.test_portfolio_lifecycle.TestIBKRParserPremiumTracking" name="test_premium_received_calculation" time="0.000" /><testcase classname="tests.test_portfolio_lifecycle.TestIBKRParserStatus" name="test_open_status_when_shares_remain" time="0.000" /><testcase classname="tests.test_portfolio_lifecycle.TestIBKRParserStatus" name="test_closed_status_when_sold" time="0.000" /><testcase classname="tests.test_portfolio_lifecycle.TestIBKRParserStatus" name="test_closed_status_when_assigned" time="0.000" /><testcase classname="tests.test_portfolio_lifecycle.TestFullParserIntegration" name="test_parse_csv_with_multiple_lifecycles" time="0.001" /></testsuite></testsuites>