<?xml version="1.0" encoding="utf-8"?><testsuites name="pytest tests"><testsuite name="pytest" errors="0" failures="0" skipped="6" tests="20" time="252.509" timestamp="2026-01-30T04:55:23.819266+00:00" hostname="agent-env-be939c21-6b72-49a5-88ba-f5c152d7982c"><testcase classname="backend.tests.test_pmcc_screener.TestPMCCScreenerEndpoint" name="test_pmcc_endpoint_returns_200" time="28.651" /><testcase classname="backend.tests.test_pmcc_screener.TestPMCCScreenerEndpoint" name="test_pmcc_endpoint_returns_results_structure" time="25.782" /><testcase classname="backend.tests.test_pmcc_screener.TestPMCCLeapsDTERange" name="test_pmcc_leaps_dte_minimum_365_days" time="26.270" /><testcase classname="backend.tests.test_pmcc_screener.TestPMCCLeapsDTERange" name="test_pmcc_leaps_dte_maximum_730_days" time="28.356" /><testcase classname="backend.tests.test_pmcc_screener.TestPMCCLeapsITM" name="test_pmcc_leaps_strike_below_stock_price" time="27.321" /><testcase classname="backend.tests.test_pmcc_screener.TestPMCCLeapsAskPricing" name="test_pmcc_leaps_uses_ask_price" time="25.689" /><testcase classname="backend.tests.test_pmcc_screener.TestPMCCLeapsAskPricing" name="test_pmcc_leaps_ask_greater_than_zero" time="29.549" /><testcase classname="backend.tests.test_pmcc_screener.TestPMCCShortCallDTE" name="test_pmcc_short_call_dte_max_60_days" time="26.727" /><testcase classname="backend.tests.test_pmcc_screener.TestPMCCShortCallStrike" name="test_pmcc_short_strike_above_leap_strike" time="10.159"><skipped type="pytest.skip" message="No PMCC results available">/app/backend/tests/test_pmcc_screener.py:344: No PMCC results available</skipped></testcase><testcase classname="backend.tests.test_pmcc_screener.TestPMCCShortCallBidPricing" name="test_pmcc_short_call_uses_bid_price" time="2.602"><skipped type="pytest.skip" message="No PMCC results available">/app/backend/tests/test_pmcc_screener.py:391: No PMCC results available</skipped></testcase><testcase classname="backend.tests.test_pmcc_screener.TestPMCCShortCallBidPricing" name="test_pmcc_short_call_bid_greater_than_zero" time="2.376"><skipped type="pytest.skip" message="No PMCC results available">/app/backend/tests/test_pmcc_screener.py:419: No PMCC results available</skipped></testcase><testcase classname="backend.tests.test_pmcc_screener.TestPMCCNetDebitCalculation" name="test_pmcc_net_debit_calculation" time="2.508"><skipped type="pytest.skip" message="No PMCC results available">/app/backend/tests/test_pmcc_screener.py:464: No PMCC results available</skipped></testcase><testcase classname="backend.tests.test_pmcc_screener.TestPMCCNetDebitCalculation" name="test_pmcc_net_debit_is_positive" time="2.603"><skipped type="pytest.skip" message="No PMCC results available">/app/backend/tests/test_pmcc_screener.py:496: No PMCC results available</skipped></testcase><testcase classname="backend.tests.test_pmcc_screener.TestCCScreenerStillWorks" name="test_cc_endpoint_returns_200" time="2.144" /><testcase classname="backend.tests.test_pmcc_screener.TestCCScreenerStillWorks" name="test_cc_endpoint_returns_results_structure" time="2.390" /><testcase classname="backend.tests.test_pmcc_screener.TestCCAndPMCCSeparateDTERanges" name="test_cc_dte_range_7_to_45" time="2.202" /><testcase classname="backend.tests.test_pmcc_screener.TestCCAndPMCCSeparateDTERanges" name="test_pmcc_leaps_dte_range_365_to_730" time="2.352" /><testcase classname="backend.tests.test_pmcc_screener.TestCCAndPMCCSeparateDTERanges" name="test_pmcc_short_dte_range_max_60" time="2.248" /><testcase classname="backend.tests.test_pmcc_screener.TestCCAndPMCCSeparateDTERanges" name="test_cc_and_pmcc_dte_ranges_do_not_overlap" time="0.311" /><testcase classname="backend.tests.test_pmcc_screener.TestPMCCValidationFlags" name="test_pmcc_validation_flags_present" time="2.174"><skipped type="pytest.skip" message="No PMCC results available">/app/backend/tests/test_pmcc_screener.py:684: No PMCC results available</skipped></testcase></testsuite></testsuites>