<?xml version="1.0" encoding="utf-8"?><testsuites name="pytest tests"><testsuite name="pytest" errors="0" failures="0" skipped="0" tests="12" time="153.673" timestamp="2026-01-29T05:08:11.695070+00:00" hostname="agent-env-8f2e9b57-c96a-4675-b2d4-10599151012b"><testcase classname="backend.tests.test_stock_price_and_quote_cache.TestStockPriceLastMarketClose" name="test_stock_quote_returns_close_date" time="5.920" /><testcase classname="backend.tests.test_stock_price_and_quote_cache.TestStockPriceLastMarketClose" name="test_screener_cc_stock_price_source" time="5.313" /><testcase classname="backend.tests.test_stock_price_and_quote_cache.TestStockPriceLastMarketClose" name="test_screener_pmcc_stock_price_source" time="35.846" /><testcase classname="backend.tests.test_stock_price_and_quote_cache.TestQuoteCacheService" name="test_screener_cc_returns_quote_info" time="5.495" /><testcase classname="backend.tests.test_stock_price_and_quote_cache.TestQuoteCacheService" name="test_quote_source_values" time="5.423" /><testcase classname="backend.tests.test_stock_price_and_quote_cache.TestPricingRules" name="test_cc_sell_leg_uses_bid" time="5.245" /><testcase classname="backend.tests.test_stock_price_and_quote_cache.TestPricingRules" name="test_pmcc_buy_leg_uses_ask" time="34.589" /><testcase classname="backend.tests.test_stock_price_and_quote_cache.TestPricingRules" name="test_pmcc_sell_leg_uses_bid" time="34.540" /><testcase classname="backend.tests.test_stock_price_and_quote_cache.TestScreenerResponseStructure" name="test_cc_response_has_quote_info_or_legacy_fields" time="5.369" /><testcase classname="backend.tests.test_stock_price_and_quote_cache.TestScreenerResponseStructure" name="test_cc_response_metadata" time="5.507" /><testcase classname="backend.tests.test_stock_price_and_quote_cache.TestMarketStatusAwareness" name="test_data_source_status_endpoint" time="5.253" /><testcase classname="backend.tests.test_stock_price_and_quote_cache.TestSpecificStockPrice" name="test_stock_price_is_reasonable" time="5.094" /></testsuite></testsuites>