<?xml version="1.0" encoding="utf-8"?><testsuites name="pytest tests"><testsuite name="pytest" errors="0" failures="0" skipped="0" tests="34" time="12.737" timestamp="2026-01-11T22:17:22.554535+00:00" hostname="agent-env-5f83c310-097c-4095-a481-935b8789e40b"><testcase classname="tests.test_phase4_refactored_routes.TestHealthAndBasics" name="test_health_endpoint" time="0.074" /><testcase classname="tests.test_phase4_refactored_routes.TestHealthAndBasics" name="test_root_endpoint" time="0.040" /><testcase classname="tests.test_phase4_refactored_routes.TestHealthAndBasics" name="test_market_status" time="0.041" /><testcase classname="tests.test_phase4_refactored_routes.TestAuthRoutes" name="test_login_success" time="0.266" /><testcase classname="tests.test_phase4_refactored_routes.TestAuthRoutes" name="test_login_invalid_credentials" time="0.037" /><testcase classname="tests.test_phase4_refactored_routes.TestAuthRoutes" name="test_auth_me_authenticated" time="0.304" /><testcase classname="tests.test_phase4_refactored_routes.TestAuthRoutes" name="test_auth_me_unauthenticated" time="0.035" /><testcase classname="tests.test_phase4_refactored_routes.TestWatchlistRoutes" name="test_get_watchlist" time="0.302" /><testcase classname="tests.test_phase4_refactored_routes.TestWatchlistRoutes" name="test_add_to_watchlist" time="0.084" /><testcase classname="tests.test_phase4_refactored_routes.TestStocksRoutes" name="test_get_stock_quote" time="0.190" /><testcase classname="tests.test_phase4_refactored_routes.TestStocksRoutes" name="test_get_market_indices" time="0.037" /><testcase classname="tests.test_phase4_refactored_routes.TestOptionsRoutes" name="test_get_options_chain" time="0.189" /><testcase classname="tests.test_phase4_refactored_routes.TestOptionsRoutes" name="test_get_option_expirations" time="0.038" /><testcase classname="tests.test_phase4_refactored_routes.TestPortfolioRoutes" name="test_get_portfolio_positions" time="0.039" /><testcase classname="tests.test_phase4_refactored_routes.TestPortfolioRoutes" name="test_get_portfolio_summary" time="0.036" /><testcase classname="tests.test_phase4_refactored_routes.TestScreenerRoutes" name="test_dashboard_opportunities" time="0.039" /><testcase classname="tests.test_phase4_refactored_routes.TestScreenerRoutes" name="test_dashboard_pmcc" time="9.914" /><testcase classname="tests.test_phase4_refactored_routes.TestScreenerRoutes" name="test_get_saved_filters" time="0.054" /><testcase classname="tests.test_phase4_refactored_routes.TestScreenerRoutes" name="test_covered_calls_screener" time="0.040" /><testcase classname="tests.test_phase4_refactored_routes.TestScreenerRoutes" name="test_pmcc_screener" time="0.077" /><testcase classname="tests.test_phase4_refactored_routes.TestSimulatorRoutes" name="test_get_simulator_summary" time="0.039" /><testcase classname="tests.test_phase4_refactored_routes.TestSimulatorRoutes" name="test_get_simulator_trades" time="0.036" /><testcase classname="tests.test_phase4_refactored_routes.TestSimulatorRoutes" name="test_get_simulator_rules" time="0.041" /><testcase classname="tests.test_phase4_refactored_routes.TestSimulatorRoutes" name="test_get_rule_templates" time="0.041" /><testcase classname="tests.test_phase4_refactored_routes.TestSimulatorRoutes" name="test_get_scheduler_status" time="0.039" /><testcase classname="tests.test_phase4_refactored_routes.TestSimulatorRoutes" name="test_get_pmcc_summary" time="0.037" /><testcase classname="tests.test_phase4_refactored_routes.TestSimulatorRoutes" name="test_get_action_logs" time="0.038" /><testcase classname="tests.test_phase4_refactored_routes.TestSimulatorRoutes" name="test_analytics_performance" time="0.046" /><testcase classname="tests.test_phase4_refactored_routes.TestAdminRoutes" name="test_get_admin_settings" time="0.111" /><testcase classname="tests.test_phase4_refactored_routes.TestAdminRoutes" name="test_get_dashboard_stats" time="0.047" /><testcase classname="tests.test_phase4_refactored_routes.TestSubscriptionRoutes" name="test_get_subscription_links" time="0.037" /><testcase classname="tests.test_phase4_refactored_routes.TestSubscriptionRoutes" name="test_get_admin_subscription_settings" time="0.044" /><testcase classname="tests.test_phase4_refactored_routes.TestSimulatorTradeOperations" name="test_create_and_get_trade" time="0.165" /><testcase classname="tests.test_phase4_refactored_routes.TestSimulatorRuleOperations" name="test_create_rule_from_template" time="0.078" /></testsuite></testsuites>