<?xml version="1.0" encoding="utf-8"?><testsuites name="pytest tests"><testsuite name="pytest" errors="0" failures="0" skipped="0" tests="25" time="1.425" timestamp="2026-02-14T06:09:55.787140+00:00" hostname="agent-env-6a4606f0-68ad-466a-b6bf-d51ecbcb430b"><testcase classname="tests.test_scan_resilience.TestBackendHealth" name="test_health_endpoint" time="0.242" /><testcase classname="tests.test_scan_resilience.TestEnvironmentVariables" name="test_yahoo_scan_max_concurrency_env" time="0.000" /><testcase classname="tests.test_scan_resilience.TestEnvironmentVariables" name="test_yahoo_timeout_seconds_env" time="0.000" /><testcase classname="tests.test_scan_resilience.TestEnvironmentVariables" name="test_yahoo_max_retries_env" time="0.000" /><testcase classname="tests.test_scan_resilience.TestResilientFetchModule" name="test_module_imports" time="0.002" /><testcase classname="tests.test_scan_resilience.TestResilientFetchModule" name="test_config_values_loaded" time="0.000" /><testcase classname="tests.test_scan_resilience.TestResilientFetchModule" name="test_get_resilience_config" time="0.000" /><testcase classname="tests.test_scan_resilience.TestResilientYahooFetcher" name="test_instantiation" time="0.000" /><testcase classname="tests.test_scan_resilience.TestResilientYahooFetcher" name="test_instantiation_with_custom_run_id" time="0.000" /><testcase classname="tests.test_scan_resilience.TestResilientYahooFetcher" name="test_set_total_symbols" time="0.000" /><testcase classname="tests.test_scan_resilience.TestResilientYahooFetcher" name="test_stats_initialization" time="0.000" /><testcase classname="tests.test_scan_resilience.TestResilientYahooFetcher" name="test_get_stats" time="0.000" /><testcase classname="tests.test_scan_resilience.TestScanStats" name="test_scan_stats_creation" time="0.000" /><testcase classname="tests.test_scan_resilience.TestScanStats" name="test_scan_stats_complete" time="0.100" /><testcase classname="tests.test_scan_resilience.TestScanStats" name="test_scan_stats_to_dict" time="0.000" /><testcase classname="tests.test_scan_resilience.TestPrecomputedScansImports" name="test_precomputed_scans_imports_resilient_fetch" time="0.516" /><testcase classname="tests.test_scan_resilience.TestPrecomputedScansImports" name="test_precomputed_scan_service_class" time="0.000" /><testcase classname="tests.test_scan_resilience.TestAdminResilienceConfigEndpoint" name="test_resilience_config_endpoint_requires_auth" time="0.070" /><testcase classname="tests.test_scan_resilience.TestAdminResilienceConfigEndpoint" name="test_resilience_config_endpoint_returns_config" time="0.338" /><testcase classname="tests.test_scan_resilience.TestAdminResilienceConfigEndpoint" name="test_resilience_config_endpoint_response_structure" time="0.058" /><testcase classname="tests.test_scan_resilience.TestSemaphoreFunctionality" name="test_get_scan_semaphore" time="0.000" /><testcase classname="tests.test_scan_resilience.TestSemaphoreFunctionality" name="test_semaphore_lazy_initialization" time="0.001" /><testcase classname="tests.test_scan_resilience.TestSemaphoreFunctionality" name="test_reset_scan_semaphore" time="0.000" /><testcase classname="tests.test_scan_resilience.TestFetchResult" name="test_fetch_result_creation" time="0.001" /><testcase classname="tests.test_scan_resilience.TestFetchResult" name="test_fetch_result_failure" time="0.001" /></testsuite></testsuites>