<?xml version="1.0" encoding="utf-8"?><testsuites name="pytest tests"><testsuite name="pytest" errors="0" failures="3" skipped="0" tests="23" time="2.215" timestamp="2026-02-17T23:01:30.141289+00:00" hostname="agent-env-92849e03-3b65-496f-809f-2ff8af9cb8b1"><testcase classname="tests.test_pmcc_solvency_tolerance.TestPricingRulesSolvency" name="test_solvency_passes_when_net_debit_equals_width" time="0.001" /><testcase classname="tests.test_pmcc_solvency_tolerance.TestPricingRulesSolvency" name="test_solvency_passes_when_net_debit_less_than_width" time="0.000" /><testcase classname="tests.test_pmcc_solvency_tolerance.TestPricingRulesSolvency" name="test_solvency_passes_at_20_percent_tolerance" time="0.000" /><testcase classname="tests.test_pmcc_solvency_tolerance.TestPricingRulesSolvency" name="test_solvency_passes_within_20_percent_tolerance" time="0.000" /><testcase classname="tests.test_pmcc_solvency_tolerance.TestPricingRulesSolvency" name="test_solvency_fails_when_exceeds_20_percent_tolerance" time="0.000" /><testcase classname="tests.test_pmcc_solvency_tolerance.TestPricingRulesSolvency" name="test_solvency_fails_with_invalid_width" time="0.000" /><testcase classname="tests.test_pmcc_solvency_tolerance.TestPricingRulesSolvency" name="test_solvency_real_world_example_pfe" time="0.000" /><testcase classname="tests.test_pmcc_solvency_tolerance.TestPricingRulesSolvency" name="test_solvency_real_world_example_xom" time="0.000" /><testcase classname="tests.test_pmcc_solvency_tolerance.TestEODPipelineSolvency" name="test_structure_passes_with_20_percent_tolerance" time="0.000"><failure message="AssertionError: Expected PASS but got flags: ['FAIL_LIQUIDITY_LEAP_SPREAD_6.9%']&#10;assert False is True">tests/test_pmcc_solvency_tolerance.py:150: in test_structure_passes_with_20_percent_tolerance
    assert is_valid is True, f"Expected PASS but got flags: {flags}"
E   AssertionError: Expected PASS but got flags: ['FAIL_LIQUIDITY_LEAP_SPREAD_6.9%']
E   assert False is True</failure></testcase><testcase classname="tests.test_pmcc_solvency_tolerance.TestEODPipelineSolvency" name="test_structure_fails_when_exceeds_20_percent_tolerance" time="0.000"><failure message="AssertionError: Expected FAIL_SOLVENCY flag: ['FAIL_LIQUIDITY_LEAP_SPREAD_6.5%']&#10;assert False&#10; +  where False = any(&lt;generator object TestEODPipelineSolvency.test_structure_fails_when_exceeds_20_percent_tolerance.&lt;locals&gt;.&lt;genexpr&gt; at 0xfac7a774a190&gt;)">tests/test_pmcc_solvency_tolerance.py:174: in test_structure_fails_when_exceeds_20_percent_tolerance
    assert any("FAIL_SOLVENCY" in f for f in flags), f"Expected FAIL_SOLVENCY flag: {flags}"
E   AssertionError: Expected FAIL_SOLVENCY flag: ['FAIL_LIQUIDITY_LEAP_SPREAD_6.5%']
E   assert False
E    +  where False = any(&lt;generator object TestEODPipelineSolvency.test_structure_fails_when_exceeds_20_percent_tolerance.&lt;locals&gt;.&lt;genexpr&gt; at 0xfac7a774a190&gt;)</failure></testcase><testcase classname="tests.test_pmcc_solvency_tolerance.TestEODPipelineSolvency" name="test_structure_passes_strict_solvency" time="0.000"><failure message="AssertionError: Expected PASS but got flags: ['FAIL_LIQUIDITY_LEAP_SPREAD_8.7%']&#10;assert False is True">tests/test_pmcc_solvency_tolerance.py:197: in test_structure_passes_strict_solvency
    assert is_valid is True, f"Expected PASS but got flags: {flags}"
E   AssertionError: Expected PASS but got flags: ['FAIL_LIQUIDITY_LEAP_SPREAD_8.7%']
E   assert False is True</failure></testcase><testcase classname="tests.test_pmcc_solvency_tolerance.TestPricingRulesStructure" name="test_structure_rules_pass_with_tolerance" time="0.000" /><testcase classname="tests.test_pmcc_solvency_tolerance.TestPricingRulesStructure" name="test_structure_rules_fail_exceeds_tolerance" time="0.000" /><testcase classname="tests.test_pmcc_solvency_tolerance.TestPMCCAPIEndpoints" name="test_pmcc_conservative_returns_opportunities" time="0.712" /><testcase classname="tests.test_pmcc_solvency_tolerance.TestPMCCAPIEndpoints" name="test_pmcc_balanced_endpoint_works" time="0.141" /><testcase classname="tests.test_pmcc_solvency_tolerance.TestPMCCAPIEndpoints" name="test_pmcc_aggressive_endpoint_works" time="0.167" /><testcase classname="tests.test_pmcc_solvency_tolerance.TestPMCCAPIEndpoints" name="test_pmcc_opportunities_have_solvency_data" time="0.147" /><testcase classname="tests.test_pmcc_solvency_tolerance.TestPMCCAPIEndpoints" name="test_pmcc_opportunities_pass_20_percent_tolerance" time="0.117" /><testcase classname="tests.test_pmcc_solvency_tolerance.TestPMCCAPIEndpoints" name="test_pmcc_requires_authentication" time="0.160" /><testcase classname="tests.test_pmcc_solvency_tolerance.TestPMCCAPIEndpoints" name="test_pmcc_invalid_risk_profile" time="0.170" /><testcase classname="tests.test_pmcc_solvency_tolerance.TestSolvencyEdgeCases" name="test_solvency_with_zero_width" time="0.000" /><testcase classname="tests.test_pmcc_solvency_tolerance.TestSolvencyEdgeCases" name="test_solvency_with_very_small_tolerance_margin" time="0.000" /><testcase classname="tests.test_pmcc_solvency_tolerance.TestSolvencyEdgeCases" name="test_solvency_with_very_small_tolerance_exceed" time="0.000" /></testsuite></testsuites>