<?xml version="1.0" encoding="utf-8"?><testsuites name="pytest tests"><testsuite name="pytest" errors="0" failures="1" skipped="2" tests="20" time="340.378" timestamp="2026-01-16T22:20:37.358491+00:00" hostname="agent-env-aa64b041-69c7-4ebb-a675-f3b276c98685"><testcase classname="tests.test_data_consistency_bugs.TestDataConsistencyBugs" name="test_dashboard_opportunities_returns_data" time="0.330" /><testcase classname="tests.test_data_consistency_bugs.TestDataConsistencyBugs" name="test_dashboard_opportunities_weekly_monthly_mix" time="0.339" /><testcase classname="tests.test_data_consistency_bugs.TestDataConsistencyBugs" name="test_dashboard_opportunities_expiry_type_field" time="0.295" /><testcase classname="tests.test_data_consistency_bugs.TestDataConsistencyBugs" name="test_dashboard_opportunities_friday_expirations" time="0.295" /><testcase classname="tests.test_data_consistency_bugs.TestDataConsistencyBugs" name="test_dashboard_opportunities_metadata" time="0.293" /><testcase classname="tests.test_data_consistency_bugs.TestDataConsistencyBugs" name="test_cc_screener_returns_data" time="32.572" /><testcase classname="tests.test_data_consistency_bugs.TestDataConsistencyBugs" name="test_cc_screener_weekly_monthly_mix" time="32.140" /><testcase classname="tests.test_data_consistency_bugs.TestDataConsistencyBugs" name="test_cc_screener_expiry_type_distribution" time="32.990" /><testcase classname="tests.test_data_consistency_bugs.TestDataConsistencyBugs" name="test_cc_screener_friday_expirations" time="32.751" /><testcase classname="tests.test_data_consistency_bugs.TestDataConsistencyBugs" name="test_cc_screener_iv_oi_data" time="32.492" /><testcase classname="tests.test_data_consistency_bugs.TestDataConsistencyBugs" name="test_cc_screener_metadata" time="30.944" /><testcase classname="tests.test_data_consistency_bugs.TestDataConsistencyBugs" name="test_pmcc_returns_data" time="6.750"><failure message="assert 0 &gt; 0">tests/test_data_consistency_bugs.py:225: in test_pmcc_returns_data
    assert data["total"] &gt; 0
E   assert 0 &gt; 0</failure></testcase><testcase classname="tests.test_data_consistency_bugs.TestDataConsistencyBugs" name="test_pmcc_short_expiry_friday_only" time="6.827" /><testcase classname="tests.test_data_consistency_bugs.TestDataConsistencyBugs" name="test_pmcc_leaps_expiry_friday_only" time="26.506" /><testcase classname="tests.test_data_consistency_bugs.TestDataConsistencyBugs" name="test_pmcc_iv_oi_data" time="6.752" /><testcase classname="tests.test_data_consistency_bugs.TestDataConsistencyBugs" name="test_pmcc_metadata" time="40.767" /><testcase classname="tests.test_data_consistency_bugs.TestDataConsistencyBugs" name="test_watchlist_returns_data" time="0.717" /><testcase classname="tests.test_data_consistency_bugs.TestDataConsistencyBugs" name="test_watchlist_opportunity_iv_oi_delta" time="0.706"><skipped type="pytest.skip" message="No watchlist items with opportunities to test">/app/tests/test_data_consistency_bugs.py:314: No watchlist items with opportunities to test</skipped></testcase><testcase classname="tests.test_data_consistency_bugs.TestDataConsistencyBugs" name="test_watchlist_opportunity_iv_rank" time="10.593"><skipped type="pytest.skip" message="No watchlist items with opportunities to test">/app/tests/test_data_consistency_bugs.py:343: No watchlist items with opportunities to test</skipped></testcase><testcase classname="tests.test_data_consistency_bugs.TestMetadataConsistency" name="test_all_endpoints_have_equity_price_date" time="45.205" /></testsuite></testsuites>