<?xml version="1.0" encoding="utf-8"?><testsuites name="pytest tests"><testsuite name="pytest" errors="0" failures="2" skipped="0" tests="14" time="7.433" timestamp="2026-01-13T08:12:15.009572+00:00" hostname="agent-env-03a7d1de-56ee-44dd-a214-0b581bcc86eb"><testcase classname="tests.test_new_features.TestAuth" name="test_login_success" time="0.306" /><testcase classname="tests.test_new_features.TestPMCCLeapsMinDTE" name="test_pmcc_conservative_leaps_dte" time="0.307" /><testcase classname="tests.test_new_features.TestPMCCLeapsMinDTE" name="test_pmcc_balanced_leaps_dte" time="0.045"><failure message="AssertionError: LEAPS DTE 219 is less than 365 for GILD&#10;assert 219 &gt;= 365">tests/test_new_features.py:77: in test_pmcc_balanced_leaps_dte
    assert long_dte &gt;= 365, f"LEAPS DTE {long_dte} is less than 365 for {opp.get('symbol')}"
E   AssertionError: LEAPS DTE 219 is less than 365 for GILD
E   assert 219 &gt;= 365</failure></testcase><testcase classname="tests.test_new_features.TestPMCCLeapsMinDTE" name="test_pmcc_aggressive_leaps_dte" time="0.040"><failure message="AssertionError: LEAPS DTE 184 is less than 365 for AMAT&#10;assert 184 &gt;= 365">tests/test_new_features.py:90: in test_pmcc_aggressive_leaps_dte
    assert long_dte &gt;= 365, f"LEAPS DTE {long_dte} is less than 365 for {opp.get('symbol')}"
E   AssertionError: LEAPS DTE 184 is less than 365 for AMAT
E   assert 184 &gt;= 365</failure></testcase><testcase classname="tests.test_new_features.TestDashboardOpportunities" name="test_dashboard_opportunities_endpoint" time="0.299" /><testcase classname="tests.test_new_features.TestDashboardOpportunities" name="test_opportunities_have_required_fields" time="0.042" /><testcase classname="tests.test_new_features.TestStockDetails" name="test_stock_details_endpoint" time="0.610" /><testcase classname="tests.test_new_features.TestStockDetails" name="test_stock_details_has_analyst_ratings" time="0.304" /><testcase classname="tests.test_new_features.TestStockDetails" name="test_stock_details_has_news" time="0.304" /><testcase classname="tests.test_new_features.TestAISentimentAnalysis" name="test_sentiment_analysis_endpoint_exists" time="2.421" /><testcase classname="tests.test_new_features.TestAISentimentAnalysis" name="test_sentiment_analysis_returns_expected_fields" time="1.779" /><testcase classname="tests.test_new_features.TestPortfolioEndpoints" name="test_portfolio_summary" time="0.355" /><testcase classname="tests.test_new_features.TestPortfolioEndpoints" name="test_ibkr_summary" time="0.042" /><testcase classname="tests.test_new_features.TestPortfolioEndpoints" name="test_ibkr_trades" time="0.479" /></testsuite></testsuites>