<?xml version="1.0" encoding="utf-8"?><testsuites name="pytest tests"><testsuite name="pytest" errors="0" failures="0" skipped="0" tests="32" time="19.774" timestamp="2026-01-11T20:58:17.751132+00:00" hostname="agent-env-5b43d45c-919b-4763-8b63-62d5490751fd"><testcase classname="tests.test_refactored_routes.TestHealthCheck" name="test_health_endpoint" time="0.093" /><testcase classname="tests.test_refactored_routes.TestAuthRoutes" name="test_login_success" time="0.267" /><testcase classname="tests.test_refactored_routes.TestAuthRoutes" name="test_login_invalid_credentials" time="0.042" /><testcase classname="tests.test_refactored_routes.TestAuthRoutes" name="test_register_new_user" time="0.269" /><testcase classname="tests.test_refactored_routes.TestAuthRoutes" name="test_register_duplicate_email" time="0.079" /><testcase classname="tests.test_refactored_routes.TestAuthRoutes" name="test_get_me_authenticated" time="0.317" /><testcase classname="tests.test_refactored_routes.TestAuthRoutes" name="test_get_me_unauthenticated" time="0.040" /><testcase classname="tests.test_refactored_routes.TestWatchlistRoutes" name="test_get_watchlist" time="0.311" /><testcase classname="tests.test_refactored_routes.TestWatchlistRoutes" name="test_add_to_watchlist" time="0.310" /><testcase classname="tests.test_refactored_routes.TestWatchlistRoutes" name="test_add_duplicate_to_watchlist" time="0.356" /><testcase classname="tests.test_refactored_routes.TestWatchlistRoutes" name="test_delete_from_watchlist" time="0.339" /><testcase classname="tests.test_refactored_routes.TestWatchlistRoutes" name="test_delete_nonexistent_watchlist_item" time="0.298" /><testcase classname="tests.test_refactored_routes.TestNewsRoutes" name="test_get_market_news" time="0.312" /><testcase classname="tests.test_refactored_routes.TestNewsRoutes" name="test_get_news_with_limit" time="0.305" /><testcase classname="tests.test_refactored_routes.TestNewsRoutes" name="test_get_news_with_symbol" time="0.305" /><testcase classname="tests.test_refactored_routes.TestNewsRoutes" name="test_get_rate_limit_status" time="0.293" /><testcase classname="tests.test_refactored_routes.TestChatbotRoutes" name="test_send_chatbot_message" time="4.074" /><testcase classname="tests.test_refactored_routes.TestChatbotRoutes" name="test_send_chatbot_message_with_session" time="3.975" /><testcase classname="tests.test_refactored_routes.TestChatbotRoutes" name="test_get_chatbot_history" time="1.222" /><testcase classname="tests.test_refactored_routes.TestChatbotRoutes" name="test_get_quick_response" time="0.038" /><testcase classname="tests.test_refactored_routes.TestAIRoutes" name="test_ai_analyze" time="2.411" /><testcase classname="tests.test_refactored_routes.TestAIRoutes" name="test_ai_opportunities" time="0.301" /><testcase classname="tests.test_refactored_routes.TestAIRoutes" name="test_ai_opportunities_with_min_score" time="0.302" /><testcase classname="tests.test_refactored_routes.TestSubscriptionRoutes" name="test_get_subscription_links_public" time="0.037" /><testcase classname="tests.test_refactored_routes.TestSubscriptionRoutes" name="test_get_subscription_admin_settings" time="0.298" /><testcase classname="tests.test_refactored_routes.TestStocksRoutes" name="test_get_stock_quote" time="0.458" /><testcase classname="tests.test_refactored_routes.TestStocksRoutes" name="test_get_stock_quote_invalid_symbol" time="0.455" /><testcase classname="tests.test_refactored_routes.TestStocksRoutes" name="test_get_market_indices" time="0.294" /><testcase classname="tests.test_refactored_routes.TestStocksRoutes" name="test_get_stock_details" time="0.557" /><testcase classname="tests.test_refactored_routes.TestStocksRoutes" name="test_get_historical_data" time="0.307" /><testcase classname="tests.test_refactored_routes.TestRouteIntegration" name="test_full_auth_flow" time="0.560" /><testcase classname="tests.test_refactored_routes.TestRouteIntegration" name="test_watchlist_crud_flow" time="0.444" /></testsuite></testsuites>