<?xml version="1.0" encoding="utf-8"?><testsuites name="pytest tests"><testsuite name="pytest" errors="0" failures="0" skipped="0" tests="15" time="4.376" timestamp="2026-01-11T11:58:47.544099+00:00" hostname="agent-env-60d3789d-c792-4543-b48d-00b6adfaa7f1"><testcase classname="tests.test_phase3_rules.TestRuleTemplates" name="test_01_get_rule_templates" time="0.334" /><testcase classname="tests.test_phase3_rules.TestRuleCRUD" name="test_02_create_rule_from_template" time="0.283" /><testcase classname="tests.test_phase3_rules.TestRuleCRUD" name="test_03_get_user_rules" time="0.272" /><testcase classname="tests.test_phase3_rules.TestRuleCRUD" name="test_04_update_rule_toggle_enabled" time="0.333" /><testcase classname="tests.test_phase3_rules.TestRuleCRUD" name="test_05_create_custom_rule" time="0.275" /><testcase classname="tests.test_phase3_rules.TestRuleCRUD" name="test_06_get_single_rule" time="0.282" /><testcase classname="tests.test_phase3_rules.TestRuleCRUD" name="test_07_delete_test_rule" time="0.284" /><testcase classname="tests.test_phase3_rules.TestRuleEvaluation" name="test_08_evaluate_rules_dry_run" time="0.273" /><testcase classname="tests.test_phase3_rules.TestRuleEvaluation" name="test_09_evaluate_rules_execute" time="0.328" /><testcase classname="tests.test_phase3_rules.TestActionLogs" name="test_10_get_action_logs" time="0.269" /><testcase classname="tests.test_phase3_rules.TestActionLogs" name="test_11_get_action_logs_with_filters" time="0.281" /><testcase classname="tests.test_phase3_rules.TestPMCCSummary" name="test_12_get_pmcc_summary" time="0.265" /><testcase classname="tests.test_phase3_rules.TestExistingTradesAndRules" name="test_13_verify_existing_trades" time="0.271" /><testcase classname="tests.test_phase3_rules.TestExistingTradesAndRules" name="test_14_verify_existing_rules" time="0.265" /><testcase classname="tests.test_phase3_rules.TestCleanup" name="test_99_cleanup_test_rules" time="0.270" /></testsuite></testsuites>