<?xml version="1.0" encoding="utf-8"?><testsuites name="pytest tests"><testsuite name="pytest" errors="0" failures="3" skipped="0" tests="18" time="166.361" timestamp="2026-01-28T11:45:48.217737+00:00" hostname="agent-env-8f2e9b57-c96a-4675-b2d4-10599151012b"><testcase classname="backend.tests.test_data_fetching_rules.TestDataFetchingRules" name="test_rule1_screener_cc_returns_previous_close_source" time="6.523" /><testcase classname="backend.tests.test_data_fetching_rules.TestDataFetchingRules" name="test_rule1_screener_pmcc_returns_previous_close_source" time="25.546" /><testcase classname="backend.tests.test_data_fetching_rules.TestDataFetchingRules" name="test_rule1_screener_architecture_label" time="5.840" /><testcase classname="backend.tests.test_data_fetching_rules.TestDataFetchingRules" name="test_rule2_watchlist_uses_live_prices" time="0.377"><failure message="AssertionError: Expected 200, got 403: {&quot;detail&quot;:&quot;Not authenticated&quot;}&#10;assert 403 == 200&#10; +  where 403 = &lt;Response [403]&gt;.status_code">backend/tests/test_data_fetching_rules.py:125: in test_rule2_watchlist_uses_live_prices
    assert response.status_code == 200, f"Expected 200, got {response.status_code}: {response.text}"
E   AssertionError: Expected 200, got 403: {"detail":"Not authenticated"}
E   assert 403 == 200
E    +  where 403 = &lt;Response [403]&gt;.status_code</failure></testcase><testcase classname="backend.tests.test_data_fetching_rules.TestDataFetchingRules" name="test_rule2_watchlist_opportunity_source" time="0.317"><failure message="assert 403 == 200&#10; +  where 403 = &lt;Response [403]&gt;.status_code">backend/tests/test_data_fetching_rules.py:164: in test_rule2_watchlist_opportunity_source
    assert response.status_code == 200
E   assert 403 == 200
E    +  where 403 = &lt;Response [403]&gt;.status_code</failure></testcase><testcase classname="backend.tests.test_data_fetching_rules.TestDataFetchingRules" name="test_rule2_simulator_update_uses_live_prices" time="1.858" /><testcase classname="backend.tests.test_data_fetching_rules.TestDataFetchingRules" name="test_rule3_screener_cc_options_chain_source_yahoo_live" time="6.054" /><testcase classname="backend.tests.test_data_fetching_rules.TestDataFetchingRules" name="test_rule3_screener_pmcc_options_chain_source_yahoo_live" time="25.294" /><testcase classname="backend.tests.test_data_fetching_rules.TestDataFetchingRules" name="test_rule3_screener_live_data_used_flag" time="5.763" /><testcase classname="backend.tests.test_data_fetching_rules.TestDataFetchingRules" name="test_rule3_individual_opportunity_data_source" time="6.097" /><testcase classname="backend.tests.test_data_fetching_rules.TestDataProviderFunctions" name="test_fetch_stock_quote_returns_previous_close" time="5.945" /><testcase classname="backend.tests.test_data_fetching_rules.TestDataProviderFunctions" name="test_fetch_live_stock_quote_returns_intraday" time="0.337"><failure message="assert 403 == 200&#10; +  where 403 = &lt;Response [403]&gt;.status_code">backend/tests/test_data_fetching_rules.py:343: in test_fetch_live_stock_quote_returns_intraday
    assert response.status_code == 200
E   assert 403 == 200
E    +  where 403 = &lt;Response [403]&gt;.status_code</failure></testcase><testcase classname="backend.tests.test_data_fetching_rules.TestDataProviderFunctions" name="test_fetch_options_chain_returns_live_data" time="6.143" /><testcase classname="backend.tests.test_data_fetching_rules.TestScreenerResponseLabels" name="test_cc_screener_all_required_labels" time="6.187" /><testcase classname="backend.tests.test_data_fetching_rules.TestScreenerResponseLabels" name="test_pmcc_screener_all_required_labels" time="27.040" /><testcase classname="backend.tests.test_data_fetching_rules.TestScreenerResponseLabels" name="test_dashboard_opportunities_labels" time="5.959" /><testcase classname="backend.tests.test_data_fetching_rules.TestMarketClosedBehavior" name="test_screener_handles_market_closed" time="5.866" /><testcase classname="backend.tests.test_data_fetching_rules.TestMarketClosedBehavior" name="test_pmcc_handles_market_closed" time="25.105" /></testsuite></testsuites>