<?xml version="1.0" encoding="utf-8"?><testsuites name="pytest tests"><testsuite name="pytest" errors="0" failures="0" skipped="0" tests="17" time="236.472" timestamp="2026-01-21T00:48:21.340900+00:00" hostname="agent-env-6c04096e-f1f5-4e31-8b41-6f628f6444ca"><testcase classname="tests.test_phase4_cc_engine.TestDashboardOpportunities" name="test_dashboard_returns_phase4_indicator" time="15.046" /><testcase classname="tests.test_phase4_cc_engine.TestDashboardOpportunities" name="test_dashboard_price_range_filter" time="14.297" /><testcase classname="tests.test_phase4_cc_engine.TestDashboardOpportunities" name="test_dashboard_single_candidate_rule" time="15.090" /><testcase classname="tests.test_phase4_cc_engine.TestDashboardOpportunities" name="test_dashboard_bid_pricing" time="15.053" /><testcase classname="tests.test_phase4_cc_engine.TestDashboardOpportunities" name="test_dashboard_filters_applied_field" time="13.359" /><testcase classname="tests.test_phase4_cc_engine.TestDashboardOpportunities" name="test_dashboard_dte_ranges" time="14.492" /><testcase classname="tests.test_phase4_cc_engine.TestDashboardOpportunities" name="test_dashboard_otm_strikes" time="15.595" /><testcase classname="tests.test_phase4_cc_engine.TestDashboardOpportunities" name="test_dashboard_max_10_opportunities" time="14.012" /><testcase classname="tests.test_phase4_cc_engine.TestMainScreenerPhase4" name="test_screener_phase4_enabled" time="19.792" /><testcase classname="tests.test_phase4_cc_engine.TestMainScreenerPhase4" name="test_screener_phase4_disabled" time="18.142" /><testcase classname="tests.test_phase4_cc_engine.TestMainScreenerPhase4" name="test_screener_single_candidate_rule" time="18.124" /><testcase classname="tests.test_phase4_cc_engine.TestMainScreenerPhase4" name="test_screener_bid_pricing" time="18.854" /><testcase classname="tests.test_phase4_cc_engine.TestMainScreenerPhase4" name="test_screener_stocks_price_filter" time="11.305" /><testcase classname="tests.test_phase4_cc_engine.TestAuthenticationRequired" name="test_dashboard_requires_auth" time="0.076" /><testcase classname="tests.test_phase4_cc_engine.TestAuthenticationRequired" name="test_screener_requires_auth" time="0.041" /><testcase classname="tests.test_phase4_cc_engine.TestDataQuality" name="test_dashboard_roi_calculation" time="17.224" /><testcase classname="tests.test_phase4_cc_engine.TestDataQuality" name="test_dashboard_has_required_fields" time="15.886" /></testsuite></testsuites>