<?xml version="1.0" encoding="utf-8"?><testsuites name="pytest tests"><testsuite name="pytest" errors="0" failures="3" skipped="2" tests="7" time="4.917" timestamp="2026-01-11T07:05:43.117442+00:00" hostname="agent-env-1b2ae624-b588-4358-bf02-8c4cf256ab5f"><testcase classname="tests.test_manual_trade_bugs.TestManualTradeBugFixes" name="test_01_create_manual_covered_call_trade" time="0.339"><failure message="AssertionError: Failed to create trade: {&quot;detail&quot;:&quot;Expiry date cannot be in the past&quot;}&#10;assert 400 == 200&#10; +  where 400 = &lt;Response [400]&gt;.status_code">tests/test_manual_trade_bugs.py:74: in test_01_create_manual_covered_call_trade
    assert response.status_code == 200, f"Failed to create trade: {response.text}"
E   AssertionError: Failed to create trade: {"detail":"Expiry date cannot be in the past"}
E   assert 400 == 200
E    +  where 400 = &lt;Response [400]&gt;.status_code</failure></testcase><testcase classname="tests.test_manual_trade_bugs.TestManualTradeBugFixes" name="test_02_get_trade_detail_shows_all_fields" time="0.000"><skipped type="pytest.skip" message="No trade ID from previous test">/app/tests/test_manual_trade_bugs.py:104: No trade ID from previous test</skipped></testcase><testcase classname="tests.test_manual_trade_bugs.TestManualTradeBugFixes" name="test_03_get_trades_list_shows_normalized_fields" time="0.013" /><testcase classname="tests.test_manual_trade_bugs.TestManualTradeBugFixes" name="test_04_dashboard_open_trades_for_bar_chart" time="0.051"><failure message="AssertionError: Should have at least one manual trade&#10;assert 0 &gt; 0&#10; +  where 0 = len([])">tests/test_manual_trade_bugs.py:190: in test_04_dashboard_open_trades_for_bar_chart
    assert len(manual_trades) &gt; 0, "Should have at least one manual trade"
E   AssertionError: Should have at least one manual trade
E   assert 0 &gt; 0
E    +  where 0 = len([])</failure></testcase><testcase classname="tests.test_manual_trade_bugs.TestManualTradeBugFixes" name="test_05_dashboard_strategy_distribution" time="0.009"><failure message="AssertionError: Should have at least one trade&#10;assert 0 &gt; 0&#10; +  where 0 = &lt;built-in method get of dict object at 0xffe9c25c4fc0&gt;('total_trades', 0)&#10; +    where &lt;built-in method get of dict object at 0xffe9c25c4fc0&gt; = {'by_strategy': {}, 'closed_trades': 0, 'net_premium': 0, 'open_trades': 0, ...}.get">tests/test_manual_trade_bugs.py:212: in test_05_dashboard_strategy_distribution
    assert data.get("total_trades", 0) &gt; 0, "Should have at least one trade"
E   AssertionError: Should have at least one trade
E   assert 0 &gt; 0
E    +  where 0 = &lt;built-in method get of dict object at 0xffe9c25c4fc0&gt;('total_trades', 0)
E    +    where &lt;built-in method get of dict object at 0xffe9c25c4fc0&gt; = {'by_strategy': {}, 'closed_trades': 0, 'net_premium': 0, 'open_trades': 0, ...}.get</failure></testcase><testcase classname="tests.test_manual_trade_bugs.TestManualTradeBugFixes" name="test_06_cleanup_test_trade" time="0.000"><skipped type="pytest.skip" message="No trade ID to clean up">/app/tests/test_manual_trade_bugs.py:223: No trade ID to clean up</skipped></testcase><testcase classname="tests.test_manual_trade_bugs.TestOldDataNormalization" name="test_field_normalization_in_list" time="4.410" /></testsuite></testsuites>