<?xml version="1.0" encoding="utf-8"?><testsuites name="pytest tests"><testsuite name="pytest" errors="0" failures="1" skipped="0" tests="17" time="103.863" timestamp="2026-01-13T21:51:46.620892+00:00" hostname="agent-env-83369a06-a635-467c-a274-f96c366e387a"><testcase classname="tests.test_watchlist.TestWatchlistAuth" name="test_login_success" time="0.328" /><testcase classname="tests.test_watchlist.TestWatchlistCRUD" name="test_get_watchlist" time="4.208" /><testcase classname="tests.test_watchlist.TestWatchlistCRUD" name="test_watchlist_item_has_required_fields" time="3.446" /><testcase classname="tests.test_watchlist.TestWatchlistCRUD" name="test_add_to_watchlist_captures_price" time="0.175"><failure message="AssertionError: price_when_added should be positive&#10;assert 0 &gt; 0">tests/test_watchlist.py:88: in test_add_to_watchlist_captures_price
    assert data["price_when_added"] &gt; 0, "price_when_added should be positive"
E   AssertionError: price_when_added should be positive
E   assert 0 &gt; 0</failure></testcase><testcase classname="tests.test_watchlist.TestWatchlistCRUD" name="test_add_duplicate_fails" time="0.042" /><testcase classname="tests.test_watchlist.TestWatchlistCRUD" name="test_delete_individual_item" time="23.128" /><testcase classname="tests.test_watchlist.TestWatchlistCRUD" name="test_delete_nonexistent_item_returns_404" time="0.095" /><testcase classname="tests.test_watchlist.TestWatchlistOpportunities" name="test_watchlist_items_have_opportunity_field" time="3.779" /><testcase classname="tests.test_watchlist.TestWatchlistOpportunities" name="test_opportunity_has_required_fields" time="3.782" /><testcase classname="tests.test_watchlist.TestWatchlistOpportunities" name="test_some_items_have_no_opportunities" time="22.868" /><testcase classname="tests.test_watchlist.TestWatchlistPriceMovement" name="test_movement_fields_present" time="3.948" /><testcase classname="tests.test_watchlist.TestWatchlistPriceMovement" name="test_movement_calculation" time="3.574" /><testcase classname="tests.test_watchlist.TestWatchlistClearAll" name="test_clear_all_endpoint_exists" time="7.604" /><testcase classname="tests.test_watchlist.TestWatchlistSummaryStats" name="test_can_calculate_total_symbols" time="5.867" /><testcase classname="tests.test_watchlist.TestWatchlistSummaryStats" name="test_can_calculate_with_opportunities" time="3.504" /><testcase classname="tests.test_watchlist.TestWatchlistSummaryStats" name="test_can_calculate_gainers_losers" time="13.515" /><testcase classname="tests.test_watchlist.TestWatchlistAnalystRatings" name="test_analyst_rating_field_present" time="3.901" /></testsuite></testsuites>