<?xml version="1.0" encoding="utf-8"?><testsuites name="pytest tests"><testsuite name="pytest" errors="0" failures="3" skipped="0" tests="7" time="11.887" timestamp="2026-01-16T01:03:15.041321+00:00" hostname="agent-env-a17505c3-07b6-43fc-87fe-1d5cafa71fe3"><testcase classname="tests.test_5_issues.TestIssue1SimulatorFields" name="test_simulator_trade_model_accepts_iv_fields" time="0.448"><failure message="AssertionError: Trade should have an ID&#10;assert 'id' in {'message': 'Trade added to simulator', 'trade': {'action_log': [{'action': 'opened', 'details': 'Trade opened: 1 contract(s) at $185.50', 'timestamp': '2026-01-16T01:03:15.516941+00:00'}], 'breakeven': 182.0, 'capital_deployed': 18550.0, 'contracts': 1, ...}}">tests/test_5_issues.py:71: in test_simulator_trade_model_accepts_iv_fields
    assert "id" in data, "Trade should have an ID"
E   AssertionError: Trade should have an ID
E   assert 'id' in {'message': 'Trade added to simulator', 'trade': {'action_log': [{'action': 'opened', 'details': 'Trade opened: 1 contract(s) at $185.50', 'timestamp': '2026-01-16T01:03:15.516941+00:00'}], 'breakeven': 182.0, 'capital_deployed': 18550.0, 'contracts': 1, ...}}</failure></testcase><testcase classname="tests.test_5_issues.TestIssue2DashboardMarketBadge" name="test_market_status_endpoint" time="0.058" /><testcase classname="tests.test_5_issues.TestIssue3ScreenerAutoLoad" name="test_screener_code_review" time="0.001"><failure message="Failed: Screener.js still auto-loads data on page load - fetchOpportunities() is called in useEffect">tests/test_5_issues.py:148: in test_screener_code_review
    pytest.fail("Screener.js still auto-loads data on page load - fetchOpportunities() is called in useEffect")
E   Failed: Screener.js still auto-loads data on page load - fetchOpportunities() is called in useEffect</failure></testcase><testcase classname="tests.test_5_issues.TestIssue4PMCCAutoLoad" name="test_pmcc_code_review" time="0.000"><failure message="Failed: PMCC.js still auto-loads data on page load - fetchOpportunities() is called in useEffect">tests/test_5_issues.py:177: in test_pmcc_code_review
    pytest.fail("PMCC.js still auto-loads data on page load - fetchOpportunities() is called in useEffect")
E   Failed: PMCC.js still auto-loads data on page load - fetchOpportunities() is called in useEffect</failure></testcase><testcase classname="tests.test_5_issues.TestIssue5WatchlistAnalystRating" name="test_watchlist_saves_analyst_rating" time="10.962" /><testcase classname="tests.test_5_issues.TestBackendHealth" name="test_health_endpoint" time="0.077" /><testcase classname="tests.test_5_issues.TestBackendHealth" name="test_auth_login" time="0.260" /></testsuite></testsuites>