<?xml version="1.0" encoding="utf-8"?><testsuites name="pytest tests"><testsuite name="pytest" errors="0" failures="0" skipped="0" tests="18" time="180.404" timestamp="2026-01-28T11:51:30.726498+00:00" hostname="agent-env-8f2e9b57-c96a-4675-b2d4-10599151012b"><testcase classname="backend.tests.test_data_fetching_rules.TestDataFetchingRules" name="test_rule1_screener_cc_returns_previous_close_source" time="6.021" /><testcase classname="backend.tests.test_data_fetching_rules.TestDataFetchingRules" name="test_rule1_screener_pmcc_returns_previous_close_source" time="25.811" /><testcase classname="backend.tests.test_data_fetching_rules.TestDataFetchingRules" name="test_rule1_screener_architecture_label" time="5.605" /><testcase classname="backend.tests.test_data_fetching_rules.TestDataFetchingRules" name="test_rule2_watchlist_uses_live_prices" time="4.826" /><testcase classname="backend.tests.test_data_fetching_rules.TestDataFetchingRules" name="test_rule2_watchlist_opportunity_source" time="4.565" /><testcase classname="backend.tests.test_data_fetching_rules.TestDataFetchingRules" name="test_rule2_simulator_update_uses_live_prices" time="1.688" /><testcase classname="backend.tests.test_data_fetching_rules.TestDataFetchingRules" name="test_rule3_screener_cc_options_chain_source_yahoo_live" time="5.796" /><testcase classname="backend.tests.test_data_fetching_rules.TestDataFetchingRules" name="test_rule3_screener_pmcc_options_chain_source_yahoo_live" time="26.908" /><testcase classname="backend.tests.test_data_fetching_rules.TestDataFetchingRules" name="test_rule3_screener_live_data_used_flag" time="5.748" /><testcase classname="backend.tests.test_data_fetching_rules.TestDataFetchingRules" name="test_rule3_individual_opportunity_data_source" time="5.945" /><testcase classname="backend.tests.test_data_fetching_rules.TestDataProviderFunctions" name="test_fetch_stock_quote_returns_previous_close" time="5.715" /><testcase classname="backend.tests.test_data_fetching_rules.TestDataProviderFunctions" name="test_fetch_live_stock_quote_returns_intraday" time="4.395" /><testcase classname="backend.tests.test_data_fetching_rules.TestDataProviderFunctions" name="test_fetch_options_chain_returns_live_data" time="5.807" /><testcase classname="backend.tests.test_data_fetching_rules.TestScreenerResponseLabels" name="test_cc_screener_all_required_labels" time="5.620" /><testcase classname="backend.tests.test_data_fetching_rules.TestScreenerResponseLabels" name="test_pmcc_screener_all_required_labels" time="26.530" /><testcase classname="backend.tests.test_data_fetching_rules.TestScreenerResponseLabels" name="test_dashboard_opportunities_labels" time="5.699" /><testcase classname="backend.tests.test_data_fetching_rules.TestMarketClosedBehavior" name="test_screener_handles_market_closed" time="6.061" /><testcase classname="backend.tests.test_data_fetching_rules.TestMarketClosedBehavior" name="test_pmcc_handles_market_closed" time="27.585" /></testsuite></testsuites>