<?xml version="1.0" encoding="utf-8"?><testsuites name="pytest tests"><testsuite name="pytest" errors="0" failures="1" skipped="0" tests="13" time="49.317" timestamp="2026-02-10T05:32:01.067396+00:00" hostname="agent-env-94c8faf6-877d-4565-81b5-dc6071a899e0"><testcase classname="tests.test_ai_wallet.TestAIWalletEndpoints" name="test_get_wallet_balance" time="0.345" /><testcase classname="tests.test_ai_wallet.TestAIWalletEndpoints" name="test_get_wallet_ledger" time="0.040" /><testcase classname="tests.test_ai_wallet.TestAIWalletEndpoints" name="test_get_token_packs" time="0.036" /><testcase classname="tests.test_ai_wallet.TestAIWalletEndpoints" name="test_estimate_tokens" time="0.044" /><testcase classname="tests.test_ai_wallet.TestAIWalletEndpoints" name="test_get_action_costs" time="0.040" /><testcase classname="tests.test_ai_wallet.TestAIAnalyzeWithTokens" name="test_ai_analyze_uses_tokens" time="19.673" /><testcase classname="tests.test_ai_wallet.TestAIAnalyzeWithTokens" name="test_ai_analyze_returns_remaining_balance" time="13.533" /><testcase classname="tests.test_ai_wallet.TestPurchaseEndpoint" name="test_create_purchase_invalid_pack" time="0.295" /><testcase classname="tests.test_ai_wallet.TestPurchaseEndpoint" name="test_create_purchase_missing_paypal_config" time="0.306"><failure message="assert 520 == 200&#10; +  where 520 = &lt;Response [520]&gt;.status_code">tests/test_ai_wallet.py:300: in test_create_purchase_missing_paypal_config
    assert response.status_code == 200
E   assert 520 == 200
E    +  where 520 = &lt;Response [520]&gt;.status_code</failure></testcase><testcase classname="tests.test_ai_wallet.TestWalletUnauthorized" name="test_wallet_requires_auth" time="0.039" /><testcase classname="tests.test_ai_wallet.TestWalletUnauthorized" name="test_ledger_requires_auth" time="0.034" /><testcase classname="tests.test_ai_wallet.TestWalletUnauthorized" name="test_estimate_requires_auth" time="0.038" /><testcase classname="tests.test_ai_wallet.TestLedgerAfterUsage" name="test_ledger_records_usage" time="14.793" /></testsuite></testsuites>