<?xml version="1.0" encoding="utf-8"?><testsuites name="pytest tests"><testsuite name="pytest" errors="0" failures="0" skipped="0" tests="12" time="6.167" timestamp="2026-01-23T01:00:27.826419+00:00" hostname="agent-env-187d5ef9-906c-4f9a-b793-477e38bd35b2"><testcase classname="tests.test_layer3_api.TestLayer3DashboardOpportunities" name="test_dashboard_returns_weekly_and_monthly_counts" time="0.870" /><testcase classname="tests.test_layer3_api.TestLayer3DashboardOpportunities" name="test_dashboard_returns_top_5_weekly_top_5_monthly" time="0.435" /><testcase classname="tests.test_layer3_api.TestLayer3DashboardOpportunities" name="test_dashboard_opportunities_have_enriched_greeks" time="0.424" /><testcase classname="tests.test_layer3_api.TestLayer3CoveredCallsDTEMode" name="test_dte_mode_weekly" time="0.428" /><testcase classname="tests.test_layer3_api.TestLayer3CoveredCallsDTEMode" name="test_dte_mode_monthly" time="0.404" /><testcase classname="tests.test_layer3_api.TestLayer3CoveredCallsDTEMode" name="test_dte_mode_all" time="0.416" /><testcase classname="tests.test_layer3_api.TestLayer3CoveredCallsDTEMode" name="test_covered_calls_have_enriched_greeks" time="0.419" /><testcase classname="tests.test_layer3_api.TestLayer3PMCCEndpoint" name="test_pmcc_returns_leaps_buy_eligible" time="0.587" /><testcase classname="tests.test_layer3_api.TestLayer3PMCCEndpoint" name="test_pmcc_returns_width" time="0.550" /><testcase classname="tests.test_layer3_api.TestLayer3PMCCEndpoint" name="test_pmcc_returns_breakeven" time="0.557" /><testcase classname="tests.test_layer3_api.TestLayer3PMCCEndpoint" name="test_pmcc_returns_analyst_rating" time="0.577" /><testcase classname="tests.test_layer3_api.TestGOOGvsGOOGLHandling" name="test_goog_googl_separate_in_scan" time="0.424" /></testsuite></testsuites>