<?xml version="1.0" encoding="utf-8"?><testsuites name="pytest tests"><testsuite name="pytest" errors="0" failures="0" skipped="0" tests="12" time="0.697" timestamp="2026-01-16T13:02:41.699917+00:00" hostname="agent-env-e54260a3-c094-4b29-b147-31d6e6cd3540"><testcase classname="tests.test_t1_data_principle.TestHealthAndMarketStatus" name="test_health_endpoint" time="0.119" /><testcase classname="tests.test_t1_data_principle.TestHealthAndMarketStatus" name="test_market_status_endpoint" time="0.014" /><testcase classname="tests.test_t1_data_principle.TestDataQualityDashboard" name="test_data_quality_dashboard_requires_auth" time="0.013" /><testcase classname="tests.test_t1_data_principle.TestDataQualityDashboard" name="test_data_quality_dashboard_returns_t1_info" time="0.293" /><testcase classname="tests.test_t1_data_principle.TestDataQualityDashboard" name="test_data_quality_dashboard_scan_status" time="0.012" /><testcase classname="tests.test_t1_data_principle.TestCoveredCallsEndpoint" name="test_covered_calls_accessible" time="0.012" /><testcase classname="tests.test_t1_data_principle.TestCoveredCallsEndpoint" name="test_covered_calls_returns_t1_info" time="0.012" /><testcase classname="tests.test_t1_data_principle.TestPMCCEndpoint" name="test_pmcc_accessible" time="0.013" /><testcase classname="tests.test_t1_data_principle.TestPMCCEndpoint" name="test_pmcc_returns_t1_info" time="0.015" /><testcase classname="tests.test_t1_data_principle.TestPrecomputedScans" name="test_precomputed_covered_calls" time="0.050" /><testcase classname="tests.test_t1_data_principle.TestPrecomputedScans" name="test_precomputed_pmcc" time="0.008" /><testcase classname="tests.test_t1_data_principle.TestAvailableScans" name="test_available_scans_endpoint" time="0.051" /></testsuite></testsuites>