<?xml version="1.0" encoding="utf-8"?><testsuites name="pytest tests"><testsuite name="pytest" errors="0" failures="1" skipped="0" tests="17" time="61.382" timestamp="2026-02-11T03:20:31.643939+00:00" hostname="agent-env-8f094a73-7a74-411f-96df-19b51a7a9db2"><testcase classname="tests.test_iv_greeks_api.TestAdminIVMetricsEndpoint" name="test_iv_metrics_check_returns_200" time="1.121" /><testcase classname="tests.test_iv_greeks_api.TestAdminIVMetricsEndpoint" name="test_iv_metrics_check_returns_required_fields" time="0.153" /><testcase classname="tests.test_iv_greeks_api.TestAdminIVMetricsEndpoint" name="test_iv_metrics_check_delta_source" time="0.212" /><testcase classname="tests.test_iv_greeks_api.TestAdminIVMetricsEndpoint" name="test_iv_metrics_check_delta_bounds" time="0.151" /><testcase classname="tests.test_iv_greeks_api.TestAdminIVMetricsEndpoint" name="test_iv_metrics_check_iv_normalization" time="0.151" /><testcase classname="tests.test_iv_greeks_api.TestAdminIVMetricsEndpoint" name="test_iv_metrics_check_iv_rank_source" time="0.156" /><testcase classname="tests.test_iv_greeks_api.TestAdminIVMetricsEndpoint" name="test_iv_metrics_check_r_used" time="0.149" /><testcase classname="tests.test_iv_greeks_api.TestCoveredCallsScreenerEndpoint" name="test_covered_calls_returns_200" time="8.304" /><testcase classname="tests.test_iv_greeks_api.TestCoveredCallsScreenerEndpoint" name="test_covered_calls_returns_results" time="8.340" /><testcase classname="tests.test_iv_greeks_api.TestCoveredCallsScreenerEndpoint" name="test_covered_calls_delta_fields" time="8.607" /><testcase classname="tests.test_iv_greeks_api.TestCoveredCallsScreenerEndpoint" name="test_covered_calls_iv_fields" time="8.371" /><testcase classname="tests.test_iv_greeks_api.TestCoveredCallsScreenerEndpoint" name="test_covered_calls_iv_rank_fields" time="8.397" /><testcase classname="tests.test_iv_greeks_api.TestCoveredCallsScreenerEndpoint" name="test_covered_calls_short_call_object" time="8.288" /><testcase classname="tests.test_iv_greeks_api.TestCoveredCallsScreenerEndpoint" name="test_covered_calls_no_nan_values" time="8.147" /><testcase classname="tests.test_iv_greeks_api.TestIVRankNeutralFallback" name="test_iv_rank_neutral_when_insufficient_history" time="0.591"><failure message="AssertionError: Expected insufficient/default source, got NO_ATM_PROXY_AVAILABLE&#10;assert ('INSUFFICIENT' in 'NO_ATM_PROXY_AVAILABLE' or 'DEFAULT' in 'NO_ATM_PROXY_AVAILABLE')">tests/test_iv_greeks_api.py:361: in test_iv_rank_neutral_when_insufficient_history
    assert "INSUFFICIENT" in iv_rank_source or "DEFAULT" in iv_rank_source, \
E   AssertionError: Expected insufficient/default source, got NO_ATM_PROXY_AVAILABLE
E   assert ('INSUFFICIENT' in 'NO_ATM_PROXY_AVAILABLE' or 'DEFAULT' in 'NO_ATM_PROXY_AVAILABLE')</failure></testcase><testcase classname="tests.test_iv_greeks_api.TestIVMetricsStats" name="test_iv_stats_returns_200" time="0.053" /><testcase classname="tests.test_iv_greeks_api.TestIVMetricsStats" name="test_iv_stats_returns_required_fields" time="0.076" /></testsuite></testsuites>