<?xml version="1.0" encoding="utf-8"?><testsuites name="pytest tests"><testsuite name="pytest" errors="0" failures="0" skipped="1" tests="15" time="12.124" timestamp="2026-01-12T01:26:24.591338+00:00" hostname="agent-env-4dacec86-e172-4afb-9c06-3286bdf90e2f"><testcase classname="tests.test_support_system.TestSupportTicketSystem" name="test_create_ticket_public" time="9.111" /><testcase classname="tests.test_support_system.TestSupportTicketSystem" name="test_get_ticket_public" time="0.000"><skipped type="pytest.skip" message="Public endpoint requires original email - testing via admin endpoint">/app/tests/test_support_system.py:85: Public endpoint requires original email - testing via admin endpoint</skipped></testcase><testcase classname="tests.test_support_system.TestSupportTicketSystem" name="test_admin_get_tickets_list" time="0.321" /><testcase classname="tests.test_support_system.TestSupportTicketSystem" name="test_admin_get_tickets_with_filters" time="0.289" /><testcase classname="tests.test_support_system.TestSupportTicketSystem" name="test_admin_get_ticket_detail" time="0.270" /><testcase classname="tests.test_support_system.TestSupportTicketSystem" name="test_admin_update_ticket_status" time="0.309" /><testcase classname="tests.test_support_system.TestSupportTicketSystem" name="test_admin_get_support_stats" time="0.283" /><testcase classname="tests.test_support_system.TestSupportTicketSystem" name="test_kb_create_article" time="0.270" /><testcase classname="tests.test_support_system.TestSupportTicketSystem" name="test_kb_get_articles" time="0.311" /><testcase classname="tests.test_support_system.TestSupportTicketSystem" name="test_kb_update_article" time="0.269" /><testcase classname="tests.test_support_system.TestSupportTicketSystem" name="test_kb_delete_article" time="0.268" /><testcase classname="tests.test_support_system.TestSupportTicketSystem" name="test_get_categories" time="0.035" /><testcase classname="tests.test_support_system.TestSupportTicketSystem" name="test_get_statuses" time="0.034" /><testcase classname="tests.test_support_system.TestSupportTicketSystem" name="test_get_priorities" time="0.033" /><testcase classname="tests.test_support_system.TestSupportTicketSystem" name="test_zz_cleanup_test_ticket" time="0.268" /></testsuite></testsuites>