<?xml version="1.0" encoding="utf-8"?><testsuites name="pytest tests"><testsuite name="pytest" errors="0" failures="1" skipped="0" tests="7" time="2.472" timestamp="2026-01-11T07:06:17.748916+00:00" hostname="agent-env-1b2ae624-b588-4358-bf02-8c4cf256ab5f"><testcase classname="tests.test_manual_trade_bugs.TestManualTradeBugFixes" name="test_01_create_manual_covered_call_trade" time="1.425" /><testcase classname="tests.test_manual_trade_bugs.TestManualTradeBugFixes" name="test_02_get_trade_detail_shows_all_fields" time="0.109" /><testcase classname="tests.test_manual_trade_bugs.TestManualTradeBugFixes" name="test_03_get_trades_list_shows_normalized_fields" time="0.177" /><testcase classname="tests.test_manual_trade_bugs.TestManualTradeBugFixes" name="test_04_dashboard_open_trades_for_bar_chart" time="0.158" /><testcase classname="tests.test_manual_trade_bugs.TestManualTradeBugFixes" name="test_05_dashboard_strategy_distribution" time="0.015" /><testcase classname="tests.test_manual_trade_bugs.TestManualTradeBugFixes" name="test_06_cleanup_test_trade" time="0.050"><failure message="AssertionError: Unexpected status: 405&#10;assert 405 in [200, 404]&#10; +  where 405 = &lt;Response [405]&gt;.status_code">tests/test_manual_trade_bugs.py:238: in test_06_cleanup_test_trade
    assert response.status_code in [200, 404], f"Unexpected status: {response.status_code}"
E   AssertionError: Unexpected status: 405
E   assert 405 in [200, 404]
E    +  where 405 = &lt;Response [405]&gt;.status_code</failure></testcase><testcase classname="tests.test_manual_trade_bugs.TestOldDataNormalization" name="test_field_normalization_in_list" time="0.450" /></testsuite></testsuites>