<?xml version="1.0" encoding="utf-8"?><testsuites name="pytest tests"><testsuite name="pytest" errors="0" failures="0" skipped="1" tests="38" time="8.706" timestamp="2026-01-23T03:56:42.824103+00:00" hostname="agent-env-187d5ef9-906c-4f9a-b793-477e38bd35b2"><testcase classname="tests.test_layer3_pipeline_fix.TestLayer3PipelineFix" name="test_screener_cc_iv_column_not_blank" time="0.430" /><testcase classname="tests.test_layer3_pipeline_fix.TestLayer3PipelineFix" name="test_screener_cc_no_duplicate_symbols" time="0.416" /><testcase classname="tests.test_layer3_pipeline_fix.TestLayer3PipelineFix" name="test_pmcc_leaps_buy_column" time="0.524" /><testcase classname="tests.test_layer3_pipeline_fix.TestLayer3PipelineFix" name="test_pmcc_premium_ask_column" time="0.547" /><testcase classname="tests.test_layer3_pipeline_fix.TestLayer3PipelineFix" name="test_pmcc_delta_column" time="0.544" /><testcase classname="tests.test_layer3_pipeline_fix.TestLayer3PipelineFix" name="test_pmcc_width_column_not_zero" time="0.539" /><testcase classname="tests.test_layer3_pipeline_fix.TestLayer3PipelineFix" name="test_dashboard_weekly_monthly_color_coding" time="0.425" /><testcase classname="tests.test_layer3_pipeline_fix.TestLayer3PipelineFix" name="test_simulator_iv_value_from_dashboard" time="0.428" /><testcase classname="tests.test_layer3_pipeline_fix.TestPMCCDeduplication" name="test_pmcc_no_duplicate_symbols" time="0.544" /><testcase classname="tests.test_layer3_integration.TestEnrichmentPipeline" name="test_cc_endpoint_returns_all_required_fields" time="0.396" /><testcase classname="tests.test_layer3_integration.TestEnrichmentPipeline" name="test_cc_no_duplicate_symbols" time="0.400" /><testcase classname="tests.test_layer3_integration.TestEnrichmentPipeline" name="test_dashboard_weekly_monthly_split" time="0.390" /><testcase classname="tests.test_layer3_integration.TestEnrichmentPipeline" name="test_pmcc_returns_all_required_fields" time="0.496" /><testcase classname="tests.test_layer3_integration.TestEnrichmentPipeline" name="test_iv_consistency_across_endpoints" time="0.387" /><testcase classname="tests.test_layer3_integration.TestEnrichmentPipeline" name="test_premium_source_consistency" time="0.393" /><testcase classname="tests.test_layer3_integration.TestEnrichmentPipeline" name="test_roi_calculation_accuracy" time="0.386" /><testcase classname="tests.test_layer3_integration.TestCrossPageConsistency" name="test_goog_googl_distinct" time="0.375" /><testcase classname="tests.test_layer3_integration.TestPrecomputedScans" name="test_precomputed_cc_returns_valid_data" time="0.265"><skipped type="pytest.skip" message="Pre-computed CC scans not available">/app/backend/tests/test_layer3_integration.py:306: Pre-computed CC scans not available</skipped></testcase><testcase classname="tests.test_layer3_enrichment.TestGreeksEnrichment" name="test_basic_greeks_enrichment" time="0.000" /><testcase classname="tests.test_layer3_enrichment.TestGreeksEnrichment" name="test_roi_calculation" time="0.000" /><testcase classname="tests.test_layer3_enrichment.TestGreeksEnrichment" name="test_delta_estimation_otm_call" time="0.000" /><testcase classname="tests.test_layer3_enrichment.TestGreeksEnrichment" name="test_delta_estimation_itm_call" time="0.000" /><testcase classname="tests.test_layer3_enrichment.TestGreeksEnrichment" name="test_iv_percentage_conversion" time="0.000" /><testcase classname="tests.test_layer3_enrichment.TestGreeksEnrichment" name="test_iv_rank_calculation" time="0.000" /><testcase classname="tests.test_layer3_enrichment.TestGreeksEnrichment" name="test_theta_estimate" time="0.000" /><testcase classname="tests.test_layer3_enrichment.TestGreeksEnrichment" name="test_zero_premium_handling" time="0.000" /><testcase classname="tests.test_layer3_enrichment.TestPMCCMetrics" name="test_pmcc_basic_metrics" time="0.000" /><testcase classname="tests.test_layer3_enrichment.TestPMCCMetrics" name="test_pmcc_leaps_eligibility" time="0.000" /><testcase classname="tests.test_layer3_enrichment.TestPMCCMetrics" name="test_pmcc_width_calculation" time="0.000" /><testcase classname="tests.test_layer3_enrichment.TestPMCCMetrics" name="test_pmcc_roi_calculation" time="0.000" /><testcase classname="tests.test_layer3_enrichment.TestDTEModes" name="test_weekly_dte_range" time="0.000" /><testcase classname="tests.test_layer3_enrichment.TestDTEModes" name="test_monthly_dte_range" time="0.000" /><testcase classname="tests.test_layer3_enrichment.TestDTEModes" name="test_all_dte_range" time="0.000" /><testcase classname="tests.test_layer3_enrichment.TestSymbolHandling" name="test_goog_googl_both_present" time="0.000" /><testcase classname="tests.test_layer3_enrichment.TestSymbolHandling" name="test_goog_googl_distinct" time="0.000" /><testcase classname="tests.test_layer3_enrichment.TestPriceDiscrepancy" name="test_no_discrepancy" time="0.000" /><testcase classname="tests.test_layer3_enrichment.TestPriceDiscrepancy" name="test_discrepancy_detected" time="0.000" /><testcase classname="tests.test_layer3_enrichment.TestPriceDiscrepancy" name="test_zero_price_handling" time="0.000" /></testsuite></testsuites>