<?xml version="1.0" encoding="utf-8"?><testsuites name="pytest tests"><testsuite name="pytest" errors="0" failures="0" skipped="0" tests="22" time="1.300" timestamp="2026-02-02T01:01:39.017170+00:00" hostname="agent-env-de2d8ea8-32ff-46a7-889f-208dd22ac36e"><testcase classname="backend.tests.test_simulator_lifecycle.TestSimulatorTrades" name="test_get_trades_returns_200" time="0.340" /><testcase classname="backend.tests.test_simulator_lifecycle.TestSimulatorTrades" name="test_trades_response_structure" time="0.042" /><testcase classname="backend.tests.test_simulator_lifecycle.TestSimulatorTrades" name="test_trades_have_status_field" time="0.041" /><testcase classname="backend.tests.test_simulator_lifecycle.TestSimulatorTrades" name="test_trades_have_strategy_type" time="0.045" /><testcase classname="backend.tests.test_simulator_lifecycle.TestSimulatorTrades" name="test_trades_count_matches_total" time="0.041" /><testcase classname="backend.tests.test_simulator_lifecycle.TestSimulatorAnalytics" name="test_analytics_returns_200" time="0.049" /><testcase classname="backend.tests.test_simulator_lifecycle.TestSimulatorAnalytics" name="test_analytics_has_overall_structure" time="0.038" /><testcase classname="backend.tests.test_simulator_lifecycle.TestSimulatorAnalytics" name="test_analytics_overall_has_required_fields" time="0.041" /><testcase classname="backend.tests.test_simulator_lifecycle.TestSimulatorAnalytics" name="test_analytics_includes_all_trade_statuses" time="0.080" /><testcase classname="backend.tests.test_simulator_lifecycle.TestSimulatorAnalytics" name="test_analytics_win_rate_calculation" time="0.037" /><testcase classname="backend.tests.test_simulator_lifecycle.TestSimulatorAnalytics" name="test_analytics_has_by_outcome_data" time="0.039" /><testcase classname="backend.tests.test_simulator_lifecycle.TestPMCCSummary" name="test_pmcc_summary_returns_200" time="0.039" /><testcase classname="backend.tests.test_simulator_lifecycle.TestPMCCSummary" name="test_pmcc_summary_has_overall_and_summary" time="0.035" /><testcase classname="backend.tests.test_simulator_lifecycle.TestPMCCSummary" name="test_pmcc_overall_has_required_fields" time="0.035" /><testcase classname="backend.tests.test_simulator_lifecycle.TestPMCCSummary" name="test_pmcc_positions_have_health_status" time="0.037" /><testcase classname="backend.tests.test_simulator_lifecycle.TestPMCCSummary" name="test_pmcc_positions_have_income_metrics" time="0.037" /><testcase classname="backend.tests.test_simulator_lifecycle.TestPMCCSummary" name="test_pmcc_shows_open_rolled_assigned_trades" time="0.038" /><testcase classname="backend.tests.test_simulator_lifecycle.TestSimulatorSummary" name="test_summary_returns_200" time="0.033" /><testcase classname="backend.tests.test_simulator_lifecycle.TestSimulatorSummary" name="test_summary_has_required_fields" time="0.033" /><testcase classname="backend.tests.test_simulator_lifecycle.TestSimulatorSummary" name="test_summary_by_status_breakdown" time="0.035" /><testcase classname="backend.tests.test_simulator_lifecycle.TestStatusBackwardCompatibility" name="test_active_status_handled_in_analytics" time="0.079" /><testcase classname="backend.tests.test_simulator_lifecycle.TestStatusBackwardCompatibility" name="test_active_status_handled_in_pmcc_summary" time="0.039" /></testsuite></testsuites>