<?xml version="1.0" encoding="utf-8"?><testsuites name="pytest tests"><testsuite name="pytest" errors="0" failures="0" skipped="0" tests="13" time="39.984" timestamp="2026-02-10T05:33:08.222794+00:00" hostname="agent-env-94c8faf6-877d-4565-81b5-dc6071a899e0"><testcase classname="tests.test_ai_wallet.TestAIWalletEndpoints" name="test_get_wallet_balance" time="0.353" /><testcase classname="tests.test_ai_wallet.TestAIWalletEndpoints" name="test_get_wallet_ledger" time="0.039" /><testcase classname="tests.test_ai_wallet.TestAIWalletEndpoints" name="test_get_token_packs" time="0.035" /><testcase classname="tests.test_ai_wallet.TestAIWalletEndpoints" name="test_estimate_tokens" time="0.036" /><testcase classname="tests.test_ai_wallet.TestAIWalletEndpoints" name="test_get_action_costs" time="0.041" /><testcase classname="tests.test_ai_wallet.TestAIAnalyzeWithTokens" name="test_ai_analyze_uses_tokens" time="14.292" /><testcase classname="tests.test_ai_wallet.TestAIAnalyzeWithTokens" name="test_ai_analyze_returns_remaining_balance" time="12.643" /><testcase classname="tests.test_ai_wallet.TestPurchaseEndpoint" name="test_create_purchase_invalid_pack" time="0.301" /><testcase classname="tests.test_ai_wallet.TestPurchaseEndpoint" name="test_create_purchase_missing_paypal_config" time="0.313" /><testcase classname="tests.test_ai_wallet.TestWalletUnauthorized" name="test_wallet_requires_auth" time="0.037" /><testcase classname="tests.test_ai_wallet.TestWalletUnauthorized" name="test_ledger_requires_auth" time="0.038" /><testcase classname="tests.test_ai_wallet.TestWalletUnauthorized" name="test_estimate_requires_auth" time="0.033" /><testcase classname="tests.test_ai_wallet.TestLedgerAfterUsage" name="test_ledger_records_usage" time="11.742" /></testsuite></testsuites>