<?xml version="1.0" encoding="utf-8"?><testsuites name="pytest tests"><testsuite name="pytest" errors="0" failures="0" skipped="0" tests="35" time="0.940" timestamp="2026-02-16T12:19:24.047994+00:00" hostname="agent-env-edc966c7-962a-4d15-b62f-d169735f6586"><testcase classname="tests.test_pmcc_strict_rules.TestPMCCEndpointStructure" name="test_pmcc_endpoint_returns_200" time="0.705" /><testcase classname="tests.test_pmcc_strict_rules.TestPMCCEndpointStructure" name="test_pmcc_response_has_required_fields" time="0.125" /><testcase classname="tests.test_pmcc_strict_rules.TestPMCCEndpointStructure" name="test_pmcc_data_source_is_eod_pipeline" time="0.000" /><testcase classname="tests.test_pmcc_strict_rules.TestPMCCEndpointStructure" name="test_pmcc_live_data_not_used" time="0.000" /><testcase classname="tests.test_pmcc_strict_rules.TestPMCCEndpointStructure" name="test_pmcc_filters_applied_match_strict_rules" time="0.000" /><testcase classname="tests.test_pmcc_strict_rules.TestPMCCLeapRules" name="test_all_results_have_leap_dte_in_range" time="0.000" /><testcase classname="tests.test_pmcc_strict_rules.TestPMCCLeapRules" name="test_all_results_have_leap_delta_above_minimum" time="0.000" /><testcase classname="tests.test_pmcc_strict_rules.TestPMCCLeapRules" name="test_all_results_have_valid_leap_strike" time="0.000" /><testcase classname="tests.test_pmcc_strict_rules.TestPMCCLeapRules" name="test_all_results_have_valid_leap_ask" time="0.000" /><testcase classname="tests.test_pmcc_strict_rules.TestPMCCShortRules" name="test_all_results_have_short_dte_in_range" time="0.000" /><testcase classname="tests.test_pmcc_strict_rules.TestPMCCShortRules" name="test_all_results_have_short_delta_in_range" time="0.000" /><testcase classname="tests.test_pmcc_strict_rules.TestPMCCShortRules" name="test_all_results_have_valid_short_bid" time="0.000" /><testcase classname="tests.test_pmcc_strict_rules.TestPMCCShortRules" name="test_all_results_have_short_strike_otm" time="0.000" /><testcase classname="tests.test_pmcc_strict_rules.TestPMCCSolvencyRule" name="test_all_results_pass_solvency_rule" time="0.000" /><testcase classname="tests.test_pmcc_strict_rules.TestPMCCSolvencyRule" name="test_width_calculation_is_correct" time="0.000" /><testcase classname="tests.test_pmcc_strict_rules.TestPMCCSolvencyRule" name="test_net_debit_calculation_is_correct" time="0.000" /><testcase classname="tests.test_pmcc_strict_rules.TestPMCCBreakevenRule" name="test_all_results_pass_breakeven_rule" time="0.000" /><testcase classname="tests.test_pmcc_strict_rules.TestPMCCBreakevenRule" name="test_breakeven_calculation_is_correct" time="0.000" /><testcase classname="tests.test_pmcc_strict_rules.TestPMCCQualityFlags" name="test_valid_trades_have_empty_quality_flags" time="0.000" /><testcase classname="tests.test_pmcc_strict_rules.TestPMCCPricingRules" name="test_pricing_rule_is_buy_ask_sell_bid" time="0.000" /><testcase classname="tests.test_pmcc_strict_rules.TestPMCCPricingRules" name="test_leap_used_equals_leap_ask" time="0.000" /><testcase classname="tests.test_pmcc_strict_rules.TestPMCCPricingRules" name="test_short_used_equals_short_bid" time="0.000" /><testcase classname="tests.test_pmcc_strict_rules.TestPMCCROICalculations" name="test_roi_per_cycle_is_positive" time="0.000" /><testcase classname="tests.test_pmcc_strict_rules.TestPMCCROICalculations" name="test_roi_per_cycle_calculation" time="0.000" /><testcase classname="tests.test_pmcc_strict_rules.TestPMCCROICalculations" name="test_max_profit_is_positive" time="0.000" /><testcase classname="tests.test_pmcc_strict_rules.TestPMCCROICalculations" name="test_max_profit_calculation" time="0.000" /><testcase classname="tests.test_pmcc_strict_rules.TestPMCCMarketContext" name="test_all_results_have_stock_price_source" time="0.000" /><testcase classname="tests.test_pmcc_strict_rules.TestPMCCMarketContext" name="test_all_results_have_market_status" time="0.000" /><testcase classname="tests.test_pmcc_strict_rules.TestPMCCMarketContext" name="test_all_results_have_as_of_timestamp" time="0.000" /><testcase classname="tests.test_pmcc_strict_rules.TestPMCCRunInfo" name="test_run_info_present" time="0.000" /><testcase classname="tests.test_pmcc_strict_rules.TestPMCCRunInfo" name="test_run_info_has_run_id" time="0.000" /><testcase classname="tests.test_pmcc_strict_rules.TestPMCCRunInfo" name="test_results_match_run_id" time="0.000" /><testcase classname="tests.test_pmcc_strict_rules.TestPMCCDTEThresholds" name="test_dte_thresholds_present" time="0.000" /><testcase classname="tests.test_pmcc_strict_rules.TestPMCCDTEThresholds" name="test_leap_dte_thresholds_correct" time="0.000" /><testcase classname="tests.test_pmcc_strict_rules.TestPMCCDTEThresholds" name="test_short_dte_thresholds_correct" time="0.000" /></testsuite></testsuites>