<?xml version="1.0" encoding="utf-8"?><testsuites name="pytest tests"><testsuite name="pytest" errors="0" failures="0" skipped="0" tests="20" time="7.518" timestamp="2026-02-16T01:00:31.481121+00:00" hostname="agent-env-7a453e48-18bf-41cf-9991-e37ef9b0e4da"><testcase classname="tests.test_eod_pipeline.TestEODPipelineAuth" name="test_covered_calls_requires_auth" time="0.410" /><testcase classname="tests.test_eod_pipeline.TestEODPipelineAuth" name="test_pmcc_requires_auth" time="0.166" /><testcase classname="tests.test_eod_pipeline.TestEODPipelineAuth" name="test_latest_run_requires_auth" time="0.167" /><testcase classname="tests.test_eod_pipeline.TestEODPipelineAuth" name="test_universe_requires_admin" time="0.611" /><testcase classname="tests.test_eod_pipeline.TestEODPipelineAuth" name="test_create_indexes_requires_admin" time="0.456" /><testcase classname="tests.test_eod_pipeline.TestCoveredCallsEndpoint" name="test_get_covered_calls_success" time="0.633" /><testcase classname="tests.test_eod_pipeline.TestCoveredCallsEndpoint" name="test_covered_calls_with_limit" time="0.211" /><testcase classname="tests.test_eod_pipeline.TestCoveredCallsEndpoint" name="test_covered_calls_result_fields" time="0.134" /><testcase classname="tests.test_eod_pipeline.TestCoveredCallsEndpoint" name="test_covered_calls_run_info" time="0.145" /><testcase classname="tests.test_eod_pipeline.TestPMCCEndpoint" name="test_get_pmcc_success" time="0.512" /><testcase classname="tests.test_eod_pipeline.TestPMCCEndpoint" name="test_pmcc_with_limit" time="0.132" /><testcase classname="tests.test_eod_pipeline.TestPMCCEndpoint" name="test_pmcc_result_fields" time="0.239" /><testcase classname="tests.test_eod_pipeline.TestLatestRunEndpoint" name="test_get_latest_run_success" time="0.594" /><testcase classname="tests.test_eod_pipeline.TestUniverseEndpoint" name="test_get_universe_success" time="0.509" /><testcase classname="tests.test_eod_pipeline.TestCreateIndexesEndpoint" name="test_create_indexes_success" time="0.556" /><testcase classname="tests.test_eod_pipeline.TestDataIntegrity" name="test_cc_results_sorted_by_score" time="0.514" /><testcase classname="tests.test_eod_pipeline.TestDataIntegrity" name="test_run_info_consistency" time="0.310" /><testcase classname="tests.test_eod_pipeline.TestDataIntegrity" name="test_no_mongodb_id_in_response" time="0.294" /><testcase classname="tests.test_eod_pipeline.TestEdgeCases" name="test_invalid_limit_parameter" time="0.710" /><testcase classname="tests.test_eod_pipeline.TestEdgeCases" name="test_invalid_run_id_parameter" time="0.126" /></testsuite></testsuites>