<?xml version="1.0" encoding="utf-8"?><testsuites name="pytest tests"><testsuite name="pytest" errors="0" failures="0" skipped="0" tests="12" time="4.181" timestamp="2026-01-11T07:42:56.691586+00:00" hostname="agent-env-1b2ae624-b588-4358-bf02-8c4cf256ab5f"><testcase classname="tests.test_simulator.TestSimulatorAPI" name="test_01_auth_works" time="0.295" /><testcase classname="tests.test_simulator.TestSimulatorAPI" name="test_02_get_simulator_summary" time="0.315" /><testcase classname="tests.test_simulator.TestSimulatorAPI" name="test_03_get_simulator_trades" time="0.277" /><testcase classname="tests.test_simulator.TestSimulatorAPI" name="test_04_get_trades_with_filters" time="0.275" /><testcase classname="tests.test_simulator.TestSimulatorAPI" name="test_05_add_simulator_trade_covered_call" time="0.270" /><testcase classname="tests.test_simulator.TestSimulatorAPI" name="test_06_add_simulator_trade_pmcc" time="0.306" /><testcase classname="tests.test_simulator.TestSimulatorAPI" name="test_07_update_prices" time="0.938" /><testcase classname="tests.test_simulator.TestSimulatorAPI" name="test_08_get_trade_detail" time="0.311" /><testcase classname="tests.test_simulator.TestSimulatorAPI" name="test_09_summary_after_trades" time="0.317" /><testcase classname="tests.test_simulator.TestSimulatorAPI" name="test_10_cleanup_test_trades" time="0.277" /><testcase classname="tests.test_simulator.TestScreenerSimulateButton" name="test_screener_returns_data_for_simulation" time="0.265" /><testcase classname="tests.test_simulator.TestScreenerSimulateButton" name="test_pmcc_returns_data_for_simulation" time="0.280" /></testsuite></testsuites>